Using pre-set license
Built from '2020.3/release' branch; Version is '2020.3.7f1 (dd97f2c94397) revision 14522354'; Using compiler version '192528614'; Build Type 'Release'
OS: 'Windows 10 Pro; OS build 19042.1348; Version 2009; 64bit' Language: 'ja' Physical Memory: 32702 MB
BatchMode: 1, IsHumanControllingUs: 0, StartBugReporterOnCrash: 0, Is64bit: 1, IsPro: 0

 COMMAND LINE ARGUMENTS:
D:\Unity\2020.3.7f1\Editor\Unity.exe
-adb2
-batchMode
-noUpm
-name
AssetImportWorker0
-projectPath
D:/Unity/Project/TigerRun
-logFile
Logs/AssetImportWorker0.log
-srvPort
53927
Successfully changed project path to: D:/Unity/Project/TigerRun
D:/Unity/Project/TigerRun
Using Asset Import Pipeline V2.
Refreshing native plugins compatible for Editor in 41.10 ms, found 1 plugins.
Preloading 0 native plugins for Editor in 0.00 ms.
Initialize engine version: 2020.3.7f1 (dd97f2c94397)
[Subsystems] Discovering subsystems at path D:/Unity/2020.3.7f1/Editor/Data/Resources/UnitySubsystems
[Subsystems] Discovering subsystems at path D:/Unity/Project/TigerRun/Assets
GfxDevice: creating device client; threaded=0
Direct3D:
    Version:  Direct3D 11.0 [level 11.1]
    Renderer: Radeon RX 5500 XT (ID=0x7340)
    Vendor:   
    VRAM:     8151 MB
    Driver:   27.20.22025.1006
Initialize mono
Mono path[0] = 'D:/Unity/2020.3.7f1/Editor/Data/Managed'
Mono path[1] = 'D:/Unity/2020.3.7f1/Editor/Data/MonoBleedingEdge/lib/mono/unityjit'
Mono config path = 'D:/Unity/2020.3.7f1/Editor/Data/MonoBleedingEdge/etc'
Using monoOptions --debugger-agent=transport=dt_socket,embedding=1,server=y,suspend=n,address=127.0.0.1:56304
Begin MonoManager ReloadAssembly
Registering precompiled unity dll's ...
Register platform support module: D:/Unity/2020.3.7f1/Editor/Data/PlaybackEngines/WebGLSupport/UnityEditor.WebGL.Extensions.dll
Register platform support module: D:/Unity/2020.3.7f1/Editor/Data/PlaybackEngines/WindowsStandaloneSupport/UnityEditor.WindowsStandalone.Extensions.dll
Registered in 0.001641 seconds.
Native extension for WindowsStandalone target not found
Native extension for WebGL target not found
Refreshing native plugins compatible for Editor in 46.83 ms, found 1 plugins.
Preloading 0 native plugins for Editor in 0.00 ms.
Mono: successfully reloaded assembly
- Completed reload, in  1.675 seconds
Platform modules already initialized, skipping
Registering precompiled user dll's ...
Registered in 0.000925 seconds.
Begin MonoManager ReloadAssembly
Native extension for WindowsStandalone target not found
Native extension for WebGL target not found
Refreshing native plugins compatible for Editor in 42.13 ms, found 1 plugins.
Preloading 0 native plugins for Editor in 0.00 ms.
Mono: successfully reloaded assembly
- Completed reload, in  1.053 seconds
Platform modules already initialized, skipping
========================================================================
Worker process is ready to serve import requests
Launched and connected shader compiler UnityShaderCompiler.exe after 0.05 seconds
Refreshing native plugins compatible for Editor in 0.43 ms, found 1 plugins.
Preloading 0 native plugins for Editor in 0.00 ms.
Unloading 1823 Unused Serialized files (Serialized files now loaded: 0)
System memory in use before: 88.0 MB.
System memory in use after: 88.0 MB.

Unloading 24 unused Assets to reduce memory usage. Loaded Objects now: 2266.
Total: 2.619300 ms (FindLiveObjects: 0.254600 ms CreateObjectMapping: 0.078500 ms MarkObjects: 2.133200 ms  DeleteObjects: 0.151800 ms)

========================================================================
Received Import Request.
  path: Assets/Scenes/SampleScene.unity
  artifactKey: Guid(2cda990e2423bbf4892e6590ba056729) Importer(815301076,1909f56bfc062723c751e8b465ee728b)
Start importing Assets/Scenes/SampleScene.unity using Guid(2cda990e2423bbf4892e6590ba056729) Importer(815301076,1909f56bfc062723c751e8b465ee728b)  -> (artifact id: 'ca84621cf95e6d6a3b678730062dbc64') in 0.022908 seconds
  Import took 0.026375 seconds .

========================================================================
Received Prepare
Refreshing native plugins compatible for Editor in 1.42 ms, found 1 plugins.
Preloading 0 native plugins for Editor in 0.00 ms.
Unloading 10 Unused Serialized files (Serialized files now loaded: 0)
System memory in use before: 52.1 MB.
System memory in use after: 52.0 MB.

Unloading 10 unused Assets to reduce memory usage. Loaded Objects now: 2266.
Total: 2.704200 ms (FindLiveObjects: 0.222400 ms CreateObjectMapping: 0.046000 ms MarkObjects: 2.309500 ms  DeleteObjects: 0.125300 ms)

========================================================================
Received Import Request.
  Time since last request: 18.403168 seconds.
  path: Assets/Scenes/MainScene.unity
  artifactKey: Guid(2cda990e2423bbf4892e6590ba056729) Importer(815301076,1909f56bfc062723c751e8b465ee728b)
Start importing Assets/Scenes/MainScene.unity using Guid(2cda990e2423bbf4892e6590ba056729) Importer(815301076,1909f56bfc062723c751e8b465ee728b)  -> (artifact id: '33085077ea71c1eefe93defb88b8ef80') in 0.012760 seconds
  Import took 0.015989 seconds .

========================================================================
Received Prepare
Registering precompiled user dll's ...
Registered in 0.000882 seconds.
Begin MonoManager ReloadAssembly
Native extension for WindowsStandalone target not found
Native extension for WebGL target not found
Refreshing native plugins compatible for Editor in 0.47 ms, found 1 plugins.
Preloading 0 native plugins for Editor in 0.00 ms.
Mono: successfully reloaded assembly
- Completed reload, in  0.971 seconds
Platform modules already initialized, skipping
Switching build target platform(5) subTarget(0) extendedPlatform(0) -> platform(13) subTarget(537395200) extendedPlatform(0)
Refreshing native plugins compatible for Editor in 0.48 ms, found 1 plugins.
Preloading 0 native plugins for Editor in 0.00 ms.
Unloading 1821 Unused Serialized files (Serialized files now loaded: 0)
System memory in use before: 88.0 MB.
System memory in use after: 88.0 MB.

Unloading 12 unused Assets to reduce memory usage. Loaded Objects now: 2270.
Total: 2.421200 ms (FindLiveObjects: 0.231100 ms CreateObjectMapping: 0.045400 ms MarkObjects: 2.002700 ms  DeleteObjects: 0.140300 ms)

AssetImportParameters requested are different than current active one (requested -> active):
  custom:graphics/normal-map-encoding: 01000000000000000000000000000000 -> 02000000000000000000000000000000
========================================================================
Received Import Request.
  Time since last request: 108.539647 seconds.
  path: Assets/Standard Assets/CrossPlatformInput/Sprites/ButtonAcceleratorOverSprite.png
  artifactKey: Guid(eb5f6e2757c821940b69cf1456f7865a) Importer(815301076,1909f56bfc062723c751e8b465ee728b)
Start importing Assets/Standard Assets/CrossPlatformInput/Sprites/ButtonAcceleratorOverSprite.png using Guid(eb5f6e2757c821940b69cf1456f7865a) Importer(815301076,1909f56bfc062723c751e8b465ee728b)  -> (artifact id: '86cbbc611b841f78b4e98ffabc005f92') in 0.201314 seconds
  Import took 0.205466 seconds .

========================================================================
Received Import Request.
  Time since last request: 0.000228 seconds.
  path: Assets/Standard Assets/CrossPlatformInput/Sprites/ButtonBrakeUpSprite.png
  artifactKey: Guid(827c9cd4a3943534f909ac6473e17288) Importer(815301076,1909f56bfc062723c751e8b465ee728b)
Start importing Assets/Standard Assets/CrossPlatformInput/Sprites/ButtonBrakeUpSprite.png using Guid(827c9cd4a3943534f909ac6473e17288) Importer(815301076,1909f56bfc062723c751e8b465ee728b)  -> (artifact id: '735f2ad254b326d53f64ca510ca5111b') in 0.049588 seconds
  Import took 0.052770 seconds .

========================================================================
Received Import Request.
  Time since last request: 0.000238 seconds.
  path: Assets/Standard Assets/CrossPlatformInput/Sprites/ButtonThumbstickOverSprite.png
  artifactKey: Guid(5485e2f56028a3c4cb54f5caa167377e) Importer(815301076,1909f56bfc062723c751e8b465ee728b)
Start importing Assets/Standard Assets/CrossPlatformInput/Sprites/ButtonThumbstickOverSprite.png using Guid(5485e2f56028a3c4cb54f5caa167377e) Importer(815301076,1909f56bfc062723c751e8b465ee728b)  -> (artifact id: 'f80a32e7eb22f9858707a7199075ce81') in 0.037595 seconds
  Import took 0.040715 seconds .

========================================================================
Received Import Request.
  Time since last request: 0.000310 seconds.
  path: Assets/Standard Assets/CrossPlatformInput/Sprites/ButtonTimescaleFullUpSprite.png
  artifactKey: Guid(0c6271a290ef75b4c97d58746c86c5b8) Importer(815301076,1909f56bfc062723c751e8b465ee728b)
Start importing Assets/Standard Assets/CrossPlatformInput/Sprites/ButtonTimescaleFullUpSprite.png using Guid(0c6271a290ef75b4c97d58746c86c5b8) Importer(815301076,1909f56bfc062723c751e8b465ee728b)  -> (artifact id: '55caa3cf69fef4643c90f2c9cab3e6e9') in 0.020840 seconds
  Import took 0.023815 seconds .

========================================================================
Received Import Request.
  Time since last request: 0.000284 seconds.
  path: Assets/Standard Assets/CrossPlatformInput/Sprites/ButtonTimescaleSlowUpSprite.png
  artifactKey: Guid(9d7c6e4896067aa4fa512a00f692ac1c) Importer(815301076,1909f56bfc062723c751e8b465ee728b)
Start importing Assets/Standard Assets/CrossPlatformInput/Sprites/ButtonTimescaleSlowUpSprite.png using Guid(9d7c6e4896067aa4fa512a00f692ac1c) Importer(815301076,1909f56bfc062723c751e8b465ee728b)  -> (artifact id: 'e2e7cef1e16b5e22bd410f9a20cbdd01') in 0.027446 seconds
  Import took 0.030570 seconds .

========================================================================
Received Import Request.
  Time since last request: 0.000268 seconds.
  path: Assets/Standard Assets/CrossPlatformInput/Sprites/ButtonArrowOverSprite.png
  artifactKey: Guid(49b611e658efbf443b686a4036f74fe3) Importer(815301076,1909f56bfc062723c751e8b465ee728b)
Start importing Assets/Standard Assets/CrossPlatformInput/Sprites/ButtonArrowOverSprite.png using Guid(49b611e658efbf443b686a4036f74fe3) Importer(815301076,1909f56bfc062723c751e8b465ee728b)  -> (artifact id: 'd6c20b2aa759dd4dd4e8730393f97722') in 0.021576 seconds
  Import took 0.024851 seconds .

========================================================================
Received Import Request.
  Time since last request: 0.000277 seconds.
  path: Assets/Standard Assets/CrossPlatformInput/Sprites/ButtonBrakeOverSprite.png
  artifactKey: Guid(5b1a64ea234fb2343b8d0686c51280de) Importer(815301076,1909f56bfc062723c751e8b465ee728b)
Start importing Assets/Standard Assets/CrossPlatformInput/Sprites/ButtonBrakeOverSprite.png using Guid(5b1a64ea234fb2343b8d0686c51280de) Importer(815301076,1909f56bfc062723c751e8b465ee728b)  -> (artifact id: 'e0732444c1a2bf3c8a8d7f4ae533e5e7') in 0.020284 seconds
  Import took 0.023655 seconds .

========================================================================
Received Import Request.
  Time since last request: 0.000308 seconds.
  path: Assets/Standard Assets/CrossPlatformInput/Sprites/ButtonSpacebarSprite.png
  artifactKey: Guid(3d8675433a508ec47b8f895201eacf20) Importer(815301076,1909f56bfc062723c751e8b465ee728b)
Start importing Assets/Standard Assets/CrossPlatformInput/Sprites/ButtonSpacebarSprite.png using Guid(3d8675433a508ec47b8f895201eacf20) Importer(815301076,1909f56bfc062723c751e8b465ee728b)  -> (artifact id: '181985ab41b579cbae3472a5817b8434') in 0.025171 seconds
  Import took 0.028396 seconds .

========================================================================
Received Import Request.
  Time since last request: 0.000309 seconds.
  path: Assets/Standard Assets/CrossPlatformInput/Sprites/ButtonThumbstickUpSprite.png
  artifactKey: Guid(9866a92691696b346901281f2b329034) Importer(815301076,1909f56bfc062723c751e8b465ee728b)
Start importing Assets/Standard Assets/CrossPlatformInput/Sprites/ButtonThumbstickUpSprite.png using Guid(9866a92691696b346901281f2b329034) Importer(815301076,1909f56bfc062723c751e8b465ee728b)  -> (artifact id: '4e22a1cdc2d0989f12492cc3a008595c') in 0.014468 seconds
  Import took 0.017971 seconds .

========================================================================
Received Import Request.
  Time since last request: 0.000298 seconds.
  path: Assets/Standard Assets/CrossPlatformInput/Sprites/ButtonResetSprite.png
  artifactKey: Guid(a94c9a7eb94ceec4a8d67a1890e22e51) Importer(815301076,1909f56bfc062723c751e8b465ee728b)
Start importing Assets/Standard Assets/CrossPlatformInput/Sprites/ButtonResetSprite.png using Guid(a94c9a7eb94ceec4a8d67a1890e22e51) Importer(815301076,1909f56bfc062723c751e8b465ee728b)  -> (artifact id: '56858a1017d44422ce798193255fc6e3') in 0.034675 seconds
  Import took 0.046499 seconds .

========================================================================
Received Import Request.
  Time since last request: 0.000238 seconds.
  path: Assets/Standard Assets/CrossPlatformInput/Sprites/ButtonArrowUpSprite.png
  artifactKey: Guid(4db017495c69e8140a56a0e2b669e3f8) Importer(815301076,1909f56bfc062723c751e8b465ee728b)
Start importing Assets/Standard Assets/CrossPlatformInput/Sprites/ButtonArrowUpSprite.png using Guid(4db017495c69e8140a56a0e2b669e3f8) Importer(815301076,1909f56bfc062723c751e8b465ee728b)  -> (artifact id: '617e73e9b3a0637a8f22a594855bdcb5') in 0.029816 seconds
  Import took 0.033135 seconds .

========================================================================
Received Import Request.
  Time since last request: 0.000301 seconds.
  path: Assets/Standard Assets/CrossPlatformInput/Sprites/ButtonCameraCycleUpSprite.png
  artifactKey: Guid(a3983c59ebf804b4abba687bd7c9e92f) Importer(815301076,1909f56bfc062723c751e8b465ee728b)
Start importing Assets/Standard Assets/CrossPlatformInput/Sprites/ButtonCameraCycleUpSprite.png using Guid(a3983c59ebf804b4abba687bd7c9e92f) Importer(815301076,1909f56bfc062723c751e8b465ee728b)  -> (artifact id: 'd1dccb8799993bd99a159f5335bd919d') in 0.026000 seconds
  Import took 0.029478 seconds .

========================================================================
Received Import Request.
  Time since last request: 0.000280 seconds.
  path: Assets/Standard Assets/CrossPlatformInput/Sprites/ButtonAcceleratorUpSprite.png
  artifactKey: Guid(f588d850485d0ae479d73cf3bd0b7b00) Importer(815301076,1909f56bfc062723c751e8b465ee728b)
Start importing Assets/Standard Assets/CrossPlatformInput/Sprites/ButtonAcceleratorUpSprite.png using Guid(f588d850485d0ae479d73cf3bd0b7b00) Importer(815301076,1909f56bfc062723c751e8b465ee728b)  -> (artifact id: '7a8e7a01e2170a19372ff69e2d399821') in 0.020960 seconds
  Import took 0.024450 seconds .

========================================================================
Received Import Request.
  Time since last request: 26.395182 seconds.
  path: Assets/Sprites/Bullet
  artifactKey: Guid(d9e96034dc5eddb4895596d1b9186af9) Importer(815301076,1909f56bfc062723c751e8b465ee728b)
Start importing Assets/Sprites/Bullet using Guid(d9e96034dc5eddb4895596d1b9186af9) Importer(815301076,1909f56bfc062723c751e8b465ee728b)  -> (artifact id: '33c7fc5089c63a1f83fee3bc78b65118') in 0.007096 seconds
  Import took 0.010292 seconds .

========================================================================
Received Import Request.
  Time since last request: 27.781963 seconds.
  path: Assets/Free Pixel Art Forest
  artifactKey: Guid(5c557aa0a8f37684a8698c50b86b3d7a) Importer(815301076,1909f56bfc062723c751e8b465ee728b)
Start importing Assets/Free Pixel Art Forest using Guid(5c557aa0a8f37684a8698c50b86b3d7a) Importer(815301076,1909f56bfc062723c751e8b465ee728b)  -> (artifact id: '3114060242a5fe5a0ee92b0464608523') in 0.006856 seconds
  Import took 0.010047 seconds .

========================================================================
Received Import Request.
  Time since last request: 52.148262 seconds.
  path: Assets/Warped Shooting Fx/Pixel Art/Pulse
  artifactKey: Guid(6fae71a45270f4e7d8068e5c4c82c423) Importer(815301076,1909f56bfc062723c751e8b465ee728b)
Start importing Assets/Warped Shooting Fx/Pixel Art/Pulse using Guid(6fae71a45270f4e7d8068e5c4c82c423) Importer(815301076,1909f56bfc062723c751e8b465ee728b)  -> (artifact id: 'a6a5241e3a78b07be53d393a53f91a5e') in 0.006997 seconds
  Import took 0.010229 seconds .

========================================================================
Received Import Request.
  Time since last request: 0.388059 seconds.
  path: Assets/Warped Shooting Fx/Pixel Art/Spark
  artifactKey: Guid(cfe75059306aa402083809cb84906aa8) Importer(815301076,1909f56bfc062723c751e8b465ee728b)
Start importing Assets/Warped Shooting Fx/Pixel Art/Spark using Guid(cfe75059306aa402083809cb84906aa8) Importer(815301076,1909f56bfc062723c751e8b465ee728b)  -> (artifact id: 'f0179af406b81f868cb2e9a63d42f0f5') in 0.006969 seconds
  Import took 0.010464 seconds .

========================================================================
Received Import Request.
  Time since last request: 3.111077 seconds.
  path: Assets/Warped Shooting Fx/Pixel Art/Spark/spark-preview1.png
  artifactKey: Guid(cf9760a2dafc94f97b705a62ec67e9ff) Importer(815301076,1909f56bfc062723c751e8b465ee728b)
Start importing Assets/Warped Shooting Fx/Pixel Art/Spark/spark-preview1.png using Guid(cf9760a2dafc94f97b705a62ec67e9ff) Importer(815301076,1909f56bfc062723c751e8b465ee728b)  -> (artifact id: '7a464760678915b4cb78512d6fe9d5ce') in 0.017191 seconds
  Import took 0.020792 seconds .

========================================================================
Received Import Request.
  Time since last request: 0.059256 seconds.
  path: Assets/Warped Shooting Fx/Pixel Art/Spark/spark-preview1.png
  artifactKey: Guid(cf9760a2dafc94f97b705a62ec67e9ff) Importer(815301076,1909f56bfc062723c751e8b465ee728b)
Start importing Assets/Warped Shooting Fx/Pixel Art/Spark/spark-preview1.png using Guid(cf9760a2dafc94f97b705a62ec67e9ff) Importer(815301076,1909f56bfc062723c751e8b465ee728b)  -> (artifact id: '7a464760678915b4cb78512d6fe9d5ce') in 0.006712 seconds
  Import took 0.010339 seconds .

========================================================================
Received Import Request.
  Time since last request: 3.799066 seconds.
  path: Assets/Warped Shooting Fx/Pixel Art/Spark/Spark Animation.anim
  artifactKey: Guid(69c06217529414af2abcb4f5023bc745) Importer(815301076,1909f56bfc062723c751e8b465ee728b)
Start importing Assets/Warped Shooting Fx/Pixel Art/Spark/Spark Animation.anim using Guid(69c06217529414af2abcb4f5023bc745) Importer(815301076,1909f56bfc062723c751e8b465ee728b)  -> (artifact id: '01d95d8f5335cf2fb3d48be71e881ca1') in 0.012118 seconds
  Import took 0.015790 seconds .

========================================================================
Received Import Request.
  Time since last request: 0.027043 seconds.
  path: Assets/Warped Shooting Fx/Pixel Art/Spark/Spark Animation.anim
  artifactKey: Guid(69c06217529414af2abcb4f5023bc745) Importer(815301076,1909f56bfc062723c751e8b465ee728b)
Start importing Assets/Warped Shooting Fx/Pixel Art/Spark/Spark Animation.anim using Guid(69c06217529414af2abcb4f5023bc745) Importer(815301076,1909f56bfc062723c751e8b465ee728b)  -> (artifact id: '01d95d8f5335cf2fb3d48be71e881ca1') in 0.004239 seconds
  Import took 0.009362 seconds .

========================================================================
Received Prepare
Registering precompiled user dll's ...
Registered in 0.001014 seconds.
Begin MonoManager ReloadAssembly
Native extension for WindowsStandalone target not found
Native extension for WebGL target not found
Refreshing native plugins compatible for Editor in 0.56 ms, found 1 plugins.
Preloading 0 native plugins for Editor in 0.00 ms.
Mono: successfully reloaded assembly
- Completed reload, in  0.972 seconds
Platform modules already initialized, skipping
Switching build target platform(5) subTarget(0) extendedPlatform(0) -> platform(13) subTarget(537395200) extendedPlatform(0)
Refreshing native plugins compatible for Editor in 0.43 ms, found 1 plugins.
Preloading 0 native plugins for Editor in 0.00 ms.
Unloading 1821 Unused Serialized files (Serialized files now loaded: 0)
System memory in use before: 91.1 MB.
System memory in use after: 91.1 MB.

Unloading 12 unused Assets to reduce memory usage. Loaded Objects now: 2284.
Total: 2.313900 ms (FindLiveObjects: 0.233900 ms CreateObjectMapping: 0.048100 ms MarkObjects: 1.890300 ms  DeleteObjects: 0.140400 ms)

AssetImportParameters requested are different than current active one (requested -> active):
  custom:graphics/normal-map-encoding: 01000000000000000000000000000000 -> 02000000000000000000000000000000
========================================================================
Received Import Request.
  Time since last request: 44.653553 seconds.
  path: Assets/Scripts/Bullet.cs
  artifactKey: Guid(3451e6b056d00e34abacde81215af847) Importer(815301076,1909f56bfc062723c751e8b465ee728b)
Start importing Assets/Scripts/Bullet.cs using Guid(3451e6b056d00e34abacde81215af847) Importer(815301076,1909f56bfc062723c751e8b465ee728b)  -> (artifact id: '743eb513b3c5c86f494f3df0b7087349') in 0.010761 seconds
  Import took 0.014035 seconds .

========================================================================
Received Prepare
Registering precompiled user dll's ...
Registered in 0.001045 seconds.
Begin MonoManager ReloadAssembly
Native extension for WindowsStandalone target not found
Native extension for WebGL target not found
Refreshing native plugins compatible for Editor in 0.55 ms, found 1 plugins.
Preloading 0 native plugins for Editor in 0.00 ms.
Mono: successfully reloaded assembly
- Completed reload, in  1.021 seconds
Platform modules already initialized, skipping
Switching build target platform(5) subTarget(0) extendedPlatform(0) -> platform(13) subTarget(537395200) extendedPlatform(0)
Refreshing native plugins compatible for Editor in 0.45 ms, found 1 plugins.
Preloading 0 native plugins for Editor in 0.00 ms.
Unloading 1822 Unused Serialized files (Serialized files now loaded: 0)
System memory in use before: 91.2 MB.
System memory in use after: 91.2 MB.

Unloading 12 unused Assets to reduce memory usage. Loaded Objects now: 2289.
Total: 3.483500 ms (FindLiveObjects: 0.351200 ms CreateObjectMapping: 0.081600 ms MarkObjects: 2.882300 ms  DeleteObjects: 0.166100 ms)

AssetImportParameters requested are different than current active one (requested -> active):
  custom:graphics/normal-map-encoding: 01000000000000000000000000000000 -> 02000000000000000000000000000000
========================================================================
Received Prepare
Registering precompiled user dll's ...
Registered in 0.000967 seconds.
Begin MonoManager ReloadAssembly
Native extension for WindowsStandalone target not found
Native extension for WebGL target not found
Refreshing native plugins compatible for Editor in 0.47 ms, found 1 plugins.
Preloading 0 native plugins for Editor in 0.00 ms.
Mono: successfully reloaded assembly
- Completed reload, in  0.971 seconds
Platform modules already initialized, skipping
Switching build target platform(5) subTarget(0) extendedPlatform(0) -> platform(13) subTarget(537395200) extendedPlatform(0)
Refreshing native plugins compatible for Editor in 0.44 ms, found 1 plugins.
Preloading 0 native plugins for Editor in 0.00 ms.
Unloading 1822 Unused Serialized files (Serialized files now loaded: 0)
System memory in use before: 91.2 MB.
System memory in use after: 91.2 MB.

Unloading 12 unused Assets to reduce memory usage. Loaded Objects now: 2293.
Total: 2.538100 ms (FindLiveObjects: 0.362900 ms CreateObjectMapping: 0.050500 ms MarkObjects: 1.981900 ms  DeleteObjects: 0.141400 ms)

AssetImportParameters requested are different than current active one (requested -> active):
  custom:graphics/normal-map-encoding: 01000000000000000000000000000000 -> 02000000000000000000000000000000
========================================================================
Received Import Request.
  Time since last request: 56.846161 seconds.
  path: Assets/Scripts/Bullet.cs
  artifactKey: Guid(3451e6b056d00e34abacde81215af847) Importer(815301076,1909f56bfc062723c751e8b465ee728b)
Start importing Assets/Scripts/Bullet.cs using Guid(3451e6b056d00e34abacde81215af847) Importer(815301076,1909f56bfc062723c751e8b465ee728b)  -> (artifact id: 'bc5e24044f7419f0fc0601589b7a91c0') in 0.005130 seconds
  Import took 0.008265 seconds .

========================================================================
Received Import Request.
  Time since last request: 34.042676 seconds.
  path: Assets/Prefabs
  artifactKey: Guid(28f5d33e8e7dd2f4d8d66fed287e8f32) Importer(815301076,1909f56bfc062723c751e8b465ee728b)
Start importing Assets/Prefabs using Guid(28f5d33e8e7dd2f4d8d66fed287e8f32) Importer(815301076,1909f56bfc062723c751e8b465ee728b)  -> (artifact id: 'c9606b9221a3d5ce9208c16013ee7e87') in 0.006476 seconds
  Import took 0.009975 seconds .

========================================================================
Received Import Request.
  Time since last request: 22.794545 seconds.
  path: Assets/Prefabs/SparkBullet.prefab
  artifactKey: Guid(3f8ec24c5b5016140ba57203ca5dbada) Importer(815301076,1909f56bfc062723c751e8b465ee728b)
Start importing Assets/Prefabs/SparkBullet.prefab using Guid(3f8ec24c5b5016140ba57203ca5dbada) Importer(815301076,1909f56bfc062723c751e8b465ee728b) The Animator Controller (spark-preview1) you have used is not valid. Animations will not play
UnityEngine.StackTraceUtility:ExtractStackTrace ()
UnityEditor.EditorUtility:Internal_InstantiateRemoveAllNonAnimationComponentsSingle (UnityEngine.Object,UnityEngine.Vector3,UnityEngine.Quaternion)
UnityEditor.EditorUtility:InstantiateRemoveAllNonAnimationComponents (UnityEngine.Object,UnityEngine.Vector3,UnityEngine.Quaternion)
UnityEditor.EditorUtility:InstantiateForAnimatorPreview (UnityEngine.Object)
UnityEditor.GameObjectInspector/PreviewData:UpdateGameObject (UnityEngine.Object)
UnityEditor.GameObjectInspector/PreviewData:.ctor (UnityEngine.Object)
UnityEditor.GameObjectInspector:GetPreviewData ()
UnityEditor.GameObjectInspector:RenderStaticPreview (string,UnityEngine.Object[],int,int)
UnityEditor.AssetPreviewUpdater:CreatePreviewForAsset (UnityEngine.Object,UnityEngine.Object[],string)

[C:\buildslave\unity\build\Modules/Animation/Director/AnimatorControllerPlayable.cpp line 333]

The Animator Controller (spark-preview1) you have used is not valid. Animations will not play
UnityEngine.StackTraceUtility:ExtractStackTrace ()
UnityEditor.EditorUtility:InitInstantiatedPreviewRecursive (UnityEngine.GameObject)
UnityEditor.EditorUtility:InstantiateForAnimatorPreview (UnityEngine.Object)
UnityEditor.GameObjectInspector/PreviewData:UpdateGameObject (UnityEngine.Object)
UnityEditor.GameObjectInspector/PreviewData:.ctor (UnityEngine.Object)
UnityEditor.GameObjectInspector:GetPreviewData ()
UnityEditor.GameObjectInspector:RenderStaticPreview (string,UnityEngine.Object[],int,int)
UnityEditor.AssetPreviewUpdater:CreatePreviewForAsset (UnityEngine.Object,UnityEngine.Object[],string)

[C:\buildslave\unity\build\Modules/Animation/Director/AnimatorControllerPlayable.cpp line 333]

 -> (artifact id: '5dba7892d22874a43d71488f215050ca') in 0.070937 seconds
  Import took 0.074316 seconds .

========================================================================
Received Prepare
Registering precompiled user dll's ...
Registered in 0.000854 seconds.
Begin MonoManager ReloadAssembly
Native extension for WindowsStandalone target not found
Native extension for WebGL target not found
Refreshing native plugins compatible for Editor in 0.47 ms, found 1 plugins.
Preloading 0 native plugins for Editor in 0.00 ms.
Mono: successfully reloaded assembly
- Completed reload, in  0.973 seconds
Platform modules already initialized, skipping
Switching build target platform(5) subTarget(0) extendedPlatform(0) -> platform(13) subTarget(537395200) extendedPlatform(0)
Refreshing native plugins compatible for Editor in 0.67 ms, found 1 plugins.
Preloading 0 native plugins for Editor in 0.00 ms.
Unloading 1822 Unused Serialized files (Serialized files now loaded: 0)
System memory in use before: 91.4 MB.
System memory in use after: 91.4 MB.

Unloading 12 unused Assets to reduce memory usage. Loaded Objects now: 2301.
Total: 2.735900 ms (FindLiveObjects: 0.264100 ms CreateObjectMapping: 0.059700 ms MarkObjects: 2.255000 ms  DeleteObjects: 0.155800 ms)

AssetImportParameters requested are different than current active one (requested -> active):
  custom:graphics/normal-map-encoding: 01000000000000000000000000000000 -> 02000000000000000000000000000000
========================================================================
Received Import Request.
  Time since last request: 48.682921 seconds.
  path: Assets/Prefabs/SparkBullet.prefab
  artifactKey: Guid(3f8ec24c5b5016140ba57203ca5dbada) Importer(815301076,1909f56bfc062723c751e8b465ee728b)
Start importing Assets/Prefabs/SparkBullet.prefab using Guid(3f8ec24c5b5016140ba57203ca5dbada) Importer(815301076,1909f56bfc062723c751e8b465ee728b) The Animator Controller (spark-preview1) you have used is not valid. Animations will not play
UnityEngine.StackTraceUtility:ExtractStackTrace ()
UnityEditor.EditorUtility:Internal_InstantiateRemoveAllNonAnimationComponentsSingle (UnityEngine.Object,UnityEngine.Vector3,UnityEngine.Quaternion)
UnityEditor.EditorUtility:InstantiateRemoveAllNonAnimationComponents (UnityEngine.Object,UnityEngine.Vector3,UnityEngine.Quaternion)
UnityEditor.EditorUtility:InstantiateForAnimatorPreview (UnityEngine.Object)
UnityEditor.GameObjectInspector/PreviewData:UpdateGameObject (UnityEngine.Object)
UnityEditor.GameObjectInspector/PreviewData:.ctor (UnityEngine.Object)
UnityEditor.GameObjectInspector:GetPreviewData ()
UnityEditor.GameObjectInspector:RenderStaticPreview (string,UnityEngine.Object[],int,int)
UnityEditor.AssetPreviewUpdater:CreatePreviewForAsset (UnityEngine.Object,UnityEngine.Object[],string)

[C:\buildslave\unity\build\Modules/Animation/Director/AnimatorControllerPlayable.cpp line 333]

The Animator Controller (spark-preview1) you have used is not valid. Animations will not play
UnityEngine.StackTraceUtility:ExtractStackTrace ()
UnityEditor.EditorUtility:InitInstantiatedPreviewRecursive (UnityEngine.GameObject)
UnityEditor.EditorUtility:InstantiateForAnimatorPreview (UnityEngine.Object)
UnityEditor.GameObjectInspector/PreviewData:UpdateGameObject (UnityEngine.Object)
UnityEditor.GameObjectInspector/PreviewData:.ctor (UnityEngine.Object)
UnityEditor.GameObjectInspector:GetPreviewData ()
UnityEditor.GameObjectInspector:RenderStaticPreview (string,UnityEngine.Object[],int,int)
UnityEditor.AssetPreviewUpdater:CreatePreviewForAsset (UnityEngine.Object,UnityEngine.Object[],string)

[C:\buildslave\unity\build\Modules/Animation/Director/AnimatorControllerPlayable.cpp line 333]

 -> (artifact id: '7d8f511c4360981463953d8842530982') in 0.059783 seconds
  Import took 0.063219 seconds .

========================================================================
Received Import Request.
  Time since last request: 0.664557 seconds.
  path: Assets/Prefabs/SparkBullet.prefab
  artifactKey: Guid(3f8ec24c5b5016140ba57203ca5dbada) Importer(815301076,1909f56bfc062723c751e8b465ee728b)
Start importing Assets/Prefabs/SparkBullet.prefab using Guid(3f8ec24c5b5016140ba57203ca5dbada) Importer(815301076,1909f56bfc062723c751e8b465ee728b) The Animator Controller (spark-preview1) you have used is not valid. Animations will not play
UnityEngine.StackTraceUtility:ExtractStackTrace ()
UnityEditor.EditorUtility:Internal_InstantiateRemoveAllNonAnimationComponentsSingle (UnityEngine.Object,UnityEngine.Vector3,UnityEngine.Quaternion)
UnityEditor.EditorUtility:InstantiateRemoveAllNonAnimationComponents (UnityEngine.Object,UnityEngine.Vector3,UnityEngine.Quaternion)
UnityEditor.EditorUtility:InstantiateForAnimatorPreview (UnityEngine.Object)
UnityEditor.GameObjectInspector/PreviewData:UpdateGameObject (UnityEngine.Object)
UnityEditor.GameObjectInspector/PreviewData:.ctor (UnityEngine.Object)
UnityEditor.GameObjectInspector:GetPreviewData ()
UnityEditor.GameObjectInspector:RenderStaticPreview (string,UnityEngine.Object[],int,int)
UnityEditor.AssetPreviewUpdater:CreatePreviewForAsset (UnityEngine.Object,UnityEngine.Object[],string)

[C:\buildslave\unity\build\Modules/Animation/Director/AnimatorControllerPlayable.cpp line 333]

The Animator Controller (spark-preview1) you have used is not valid. Animations will not play
UnityEngine.StackTraceUtility:ExtractStackTrace ()
UnityEditor.EditorUtility:InitInstantiatedPreviewRecursive (UnityEngine.GameObject)
UnityEditor.EditorUtility:InstantiateForAnimatorPreview (UnityEngine.Object)
UnityEditor.GameObjectInspector/PreviewData:UpdateGameObject (UnityEngine.Object)
UnityEditor.GameObjectInspector/PreviewData:.ctor (UnityEngine.Object)
UnityEditor.GameObjectInspector:GetPreviewData ()
UnityEditor.GameObjectInspector:RenderStaticPreview (string,UnityEngine.Object[],int,int)
UnityEditor.AssetPreviewUpdater:CreatePreviewForAsset (UnityEngine.Object,UnityEngine.Object[],string)

[C:\buildslave\unity\build\Modules/Animation/Director/AnimatorControllerPlayable.cpp line 333]

 -> (artifact id: '7d8f511c4360981463953d8842530982') in 0.009872 seconds
  Import took 0.013368 seconds .

========================================================================
Received Import Request.
  Time since last request: 0.048026 seconds.
  path: Assets/Prefabs/SparkBullet.prefab
  artifactKey: Guid(3f8ec24c5b5016140ba57203ca5dbada) Importer(815301076,1909f56bfc062723c751e8b465ee728b)
Start importing Assets/Prefabs/SparkBullet.prefab using Guid(3f8ec24c5b5016140ba57203ca5dbada) Importer(815301076,1909f56bfc062723c751e8b465ee728b) The Animator Controller (spark-preview1) you have used is not valid. Animations will not play
UnityEngine.StackTraceUtility:ExtractStackTrace ()
UnityEditor.EditorUtility:Internal_InstantiateRemoveAllNonAnimationComponentsSingle (UnityEngine.Object,UnityEngine.Vector3,UnityEngine.Quaternion)
UnityEditor.EditorUtility:InstantiateRemoveAllNonAnimationComponents (UnityEngine.Object,UnityEngine.Vector3,UnityEngine.Quaternion)
UnityEditor.EditorUtility:InstantiateForAnimatorPreview (UnityEngine.Object)
UnityEditor.GameObjectInspector/PreviewData:UpdateGameObject (UnityEngine.Object)
UnityEditor.GameObjectInspector/PreviewData:.ctor (UnityEngine.Object)
UnityEditor.GameObjectInspector:GetPreviewData ()
UnityEditor.GameObjectInspector:RenderStaticPreview (string,UnityEngine.Object[],int,int)
UnityEditor.AssetPreviewUpdater:CreatePreviewForAsset (UnityEngine.Object,UnityEngine.Object[],string)

[C:\buildslave\unity\build\Modules/Animation/Director/AnimatorControllerPlayable.cpp line 333]

The Animator Controller (spark-preview1) you have used is not valid. Animations will not play
UnityEngine.StackTraceUtility:ExtractStackTrace ()
UnityEditor.EditorUtility:InitInstantiatedPreviewRecursive (UnityEngine.GameObject)
UnityEditor.EditorUtility:InstantiateForAnimatorPreview (UnityEngine.Object)
UnityEditor.GameObjectInspector/PreviewData:UpdateGameObject (UnityEngine.Object)
UnityEditor.GameObjectInspector/PreviewData:.ctor (UnityEngine.Object)
UnityEditor.GameObjectInspector:GetPreviewData ()
UnityEditor.GameObjectInspector:RenderStaticPreview (string,UnityEngine.Object[],int,int)
UnityEditor.AssetPreviewUpdater:CreatePreviewForAsset (UnityEngine.Object,UnityEngine.Object[],string)

[C:\buildslave\unity\build\Modules/Animation/Director/AnimatorControllerPlayable.cpp line 333]

 -> (artifact id: 'cdb20a26aa333710dea2e6983451d10c') in 0.010303 seconds
  Import took 0.013980 seconds .

========================================================================
Received Import Request.
  Time since last request: 29.733274 seconds.
  path: Assets/Scripts/Player.cs
  artifactKey: Guid(140920978404eff4abce86884b1b174d) Importer(815301076,1909f56bfc062723c751e8b465ee728b)
Start importing Assets/Scripts/Player.cs using Guid(140920978404eff4abce86884b1b174d) Importer(815301076,1909f56bfc062723c751e8b465ee728b)  -> (artifact id: 'e82c7d097a0012973b226704660b998c') in 0.008375 seconds
  Import took 0.011760 seconds .

========================================================================
Received Prepare
Registering precompiled user dll's ...
Registered in 0.000910 seconds.
Begin MonoManager ReloadAssembly
Native extension for WindowsStandalone target not found
Native extension for WebGL target not found
Refreshing native plugins compatible for Editor in 0.45 ms, found 1 plugins.
Preloading 0 native plugins for Editor in 0.00 ms.
Mono: successfully reloaded assembly
- Completed reload, in  0.978 seconds
Platform modules already initialized, skipping
Switching build target platform(5) subTarget(0) extendedPlatform(0) -> platform(13) subTarget(537395200) extendedPlatform(0)
Refreshing native plugins compatible for Editor in 0.49 ms, found 1 plugins.
Preloading 0 native plugins for Editor in 0.00 ms.
Unloading 1822 Unused Serialized files (Serialized files now loaded: 0)
System memory in use before: 91.4 MB.
System memory in use after: 91.4 MB.

Unloading 12 unused Assets to reduce memory usage. Loaded Objects now: 2306.
Total: 2.319200 ms (FindLiveObjects: 0.232200 ms CreateObjectMapping: 0.048600 ms MarkObjects: 1.898200 ms  DeleteObjects: 0.139000 ms)

AssetImportParameters requested are different than current active one (requested -> active):
  custom:graphics/normal-map-encoding: 01000000000000000000000000000000 -> 02000000000000000000000000000000
========================================================================
Received Import Request.
  Time since last request: 69.856918 seconds.
  path: Assets/Scripts/Player.cs
  artifactKey: Guid(140920978404eff4abce86884b1b174d) Importer(815301076,1909f56bfc062723c751e8b465ee728b)
Start importing Assets/Scripts/Player.cs using Guid(140920978404eff4abce86884b1b174d) Importer(815301076,1909f56bfc062723c751e8b465ee728b)  -> (artifact id: '3bd703512d2dd6226f9bcd97e0edcfc7') in 0.005285 seconds
  Import took 0.008416 seconds .

========================================================================
Received Import Request.
  Time since last request: 13.229787 seconds.
  path: Assets/Animations/TigerRun.controller
  artifactKey: Guid(00bdb4b2bad1d244892c43507fb6f1c2) Importer(815301076,1909f56bfc062723c751e8b465ee728b)
Start importing Assets/Animations/TigerRun.controller using Guid(00bdb4b2bad1d244892c43507fb6f1c2) Importer(815301076,1909f56bfc062723c751e8b465ee728b)  -> (artifact id: 'aaf9e1b8e1e26dc3156885a753d9f147') in 0.017644 seconds
  Import took 0.020920 seconds .

========================================================================
Received Import Request.
  Time since last request: 52.855788 seconds.
  path: Assets/Sprites/Tiger/TigerPunch_7.gif
  artifactKey: Guid(2b97ea673eda207479d574a46010672a) Importer(815301076,1909f56bfc062723c751e8b465ee728b)
Start importing Assets/Sprites/Tiger/TigerPunch_7.gif using Guid(2b97ea673eda207479d574a46010672a) Importer(815301076,1909f56bfc062723c751e8b465ee728b)  -> (artifact id: '300aaec4b4a85cb5de00f79e6de68f6d') in 0.050756 seconds
  Import took 0.054259 seconds .

========================================================================
Received Import Request.
  Time since last request: 5.315879 seconds.
  path: Assets/Sprites/Tiger/TigerPunch_1.gif
  artifactKey: Guid(9b365105daba11d47aeb4b115ddb8460) Importer(815301076,1909f56bfc062723c751e8b465ee728b)
Start importing Assets/Sprites/Tiger/TigerPunch_1.gif using Guid(9b365105daba11d47aeb4b115ddb8460) Importer(815301076,1909f56bfc062723c751e8b465ee728b)  -> (artifact id: 'e02c4403cc1d1bbabdca69df8111c770') in 0.012276 seconds
  Import took 0.015695 seconds .

========================================================================
Received Import Request.
  Time since last request: 32.205193 seconds.
  path: Assets/Sprites/Tiger/TigerShot_1.gif
  artifactKey: Guid(9b365105daba11d47aeb4b115ddb8460) Importer(815301076,1909f56bfc062723c751e8b465ee728b)
Start importing Assets/Sprites/Tiger/TigerShot_1.gif using Guid(9b365105daba11d47aeb4b115ddb8460) Importer(815301076,1909f56bfc062723c751e8b465ee728b)  -> (artifact id: '5ab5cb14a64b11b3bea9d0300ac9134a') in 0.012339 seconds
  Import took 0.015712 seconds .

========================================================================
Received Import Request.
  Time since last request: 0.032979 seconds.
  path: Assets/Sprites/Tiger/TigerPunch_3.gif
  artifactKey: Guid(f62552a676bcc00499e6e2198cdaa0e1) Importer(815301076,1909f56bfc062723c751e8b465ee728b)
Start importing Assets/Sprites/Tiger/TigerPunch_3.gif using Guid(f62552a676bcc00499e6e2198cdaa0e1) Importer(815301076,1909f56bfc062723c751e8b465ee728b)  -> (artifact id: 'cc204b00393db2de910c2dc6bbe86eb2') in 0.020891 seconds
  Import took 0.024207 seconds .

========================================================================
Received Import Request.
  Time since last request: 0.636028 seconds.
  path: Assets/Sprites/Tiger/TigerPunch_2.gif
  artifactKey: Guid(4300e252c5b8bcb4091149f3ae100c5b) Importer(815301076,1909f56bfc062723c751e8b465ee728b)
Start importing Assets/Sprites/Tiger/TigerPunch_2.gif using Guid(4300e252c5b8bcb4091149f3ae100c5b) Importer(815301076,1909f56bfc062723c751e8b465ee728b)  -> (artifact id: '27e2ba698e0325015bcae5d2bd64df5c') in 0.011265 seconds
  Import took 0.014606 seconds .

========================================================================
Received Import Request.
  Time since last request: 3.392024 seconds.
  path: Assets/Sprites/Tiger/TigerShot_2.gif
  artifactKey: Guid(4300e252c5b8bcb4091149f3ae100c5b) Importer(815301076,1909f56bfc062723c751e8b465ee728b)
Start importing Assets/Sprites/Tiger/TigerShot_2.gif using Guid(4300e252c5b8bcb4091149f3ae100c5b) Importer(815301076,1909f56bfc062723c751e8b465ee728b)  -> (artifact id: '67a902669801bde3f371bfaffb67e768') in 0.011764 seconds
  Import took 0.015107 seconds .

========================================================================
Received Import Request.
  Time since last request: 0.039669 seconds.
  path: Assets/Sprites/Tiger/TigerPunch_4.gif
  artifactKey: Guid(688f0df4eadfd7e42b9e2c22f0aceea3) Importer(815301076,1909f56bfc062723c751e8b465ee728b)
Start importing Assets/Sprites/Tiger/TigerPunch_4.gif using Guid(688f0df4eadfd7e42b9e2c22f0aceea3) Importer(815301076,1909f56bfc062723c751e8b465ee728b)  -> (artifact id: '90daf184c934d5aea063139c369a9335') in 0.015527 seconds
  Import took 0.018948 seconds .

========================================================================
Received Import Request.
  Time since last request: 2.899814 seconds.
  path: Assets/Sprites/Tiger/TigerShot_4.gif
  artifactKey: Guid(688f0df4eadfd7e42b9e2c22f0aceea3) Importer(815301076,1909f56bfc062723c751e8b465ee728b)
Start importing Assets/Sprites/Tiger/TigerShot_4.gif using Guid(688f0df4eadfd7e42b9e2c22f0aceea3) Importer(815301076,1909f56bfc062723c751e8b465ee728b)  -> (artifact id: '646d48ef65a974d8e3b1d4f37c2dd29c') in 0.014320 seconds
  Import took 0.017799 seconds .

========================================================================
Received Import Request.
  Time since last request: 3.066473 seconds.
  path: Assets/Sprites/Tiger/TigerShot_3.gif
  artifactKey: Guid(f62552a676bcc00499e6e2198cdaa0e1) Importer(815301076,1909f56bfc062723c751e8b465ee728b)
Start importing Assets/Sprites/Tiger/TigerShot_3.gif using Guid(f62552a676bcc00499e6e2198cdaa0e1) Importer(815301076,1909f56bfc062723c751e8b465ee728b)  -> (artifact id: '8a772219144a040bb299289d34821bbd') in 0.012915 seconds
  Import took 0.016508 seconds .

========================================================================
Received Import Request.
  Time since last request: 0.031083 seconds.
  path: Assets/Sprites/Tiger/TigerPunch_6.gif
  artifactKey: Guid(5046cd9b84888074daab9d6c476c472e) Importer(815301076,1909f56bfc062723c751e8b465ee728b)
Start importing Assets/Sprites/Tiger/TigerPunch_6.gif using Guid(5046cd9b84888074daab9d6c476c472e) Importer(815301076,1909f56bfc062723c751e8b465ee728b)  -> (artifact id: '08918df1131dd6558c361e899df4cec0') in 0.015329 seconds
  Import took 0.018682 seconds .

========================================================================
Received Import Request.
  Time since last request: 2.624506 seconds.
  path: Assets/Sprites/Tiger/TigerShot_6.gif
  artifactKey: Guid(5046cd9b84888074daab9d6c476c472e) Importer(815301076,1909f56bfc062723c751e8b465ee728b)
Start importing Assets/Sprites/Tiger/TigerShot_6.gif using Guid(5046cd9b84888074daab9d6c476c472e) Importer(815301076,1909f56bfc062723c751e8b465ee728b)  -> (artifact id: '7c83098a8732f37f08f8ff845176c2aa') in 0.013080 seconds
  Import took 0.016348 seconds .

========================================================================
Received Import Request.
  Time since last request: 0.037693 seconds.
  path: Assets/Sprites/Tiger/TigerPunch_5.gif
  artifactKey: Guid(5a41a9f43dad6f043ac841885bec8ca4) Importer(815301076,1909f56bfc062723c751e8b465ee728b)
Start importing Assets/Sprites/Tiger/TigerPunch_5.gif using Guid(5a41a9f43dad6f043ac841885bec8ca4) Importer(815301076,1909f56bfc062723c751e8b465ee728b)  -> (artifact id: '3a19c210e6bc28f183bef2bf81c11612') in 0.015451 seconds
  Import took 0.018742 seconds .

========================================================================
Received Import Request.
  Time since last request: 2.720946 seconds.
  path: Assets/Sprites/Tiger/TigerShot_5.gif
  artifactKey: Guid(5a41a9f43dad6f043ac841885bec8ca4) Importer(815301076,1909f56bfc062723c751e8b465ee728b)
Start importing Assets/Sprites/Tiger/TigerShot_5.gif using Guid(5a41a9f43dad6f043ac841885bec8ca4) Importer(815301076,1909f56bfc062723c751e8b465ee728b)  -> (artifact id: '16e3dfd38abfe75a970c685399f77700') in 0.013243 seconds
  Import took 0.016658 seconds .

========================================================================
Received Import Request.
  Time since last request: 4.219642 seconds.
  path: Assets/Sprites/Tiger/TigerShot_7.gif
  artifactKey: Guid(2b97ea673eda207479d574a46010672a) Importer(815301076,1909f56bfc062723c751e8b465ee728b)
Start importing Assets/Sprites/Tiger/TigerShot_7.gif using Guid(2b97ea673eda207479d574a46010672a) Importer(815301076,1909f56bfc062723c751e8b465ee728b)  -> (artifact id: 'd5390a01c7c1996ed5712498539a62a7') in 0.012128 seconds
  Import took 0.015752 seconds .

========================================================================
Received Import Request.
  Time since last request: 25.034173 seconds.
  path: Assets/Animations/TigerShot.anim
  artifactKey: Guid(42276f45e8ba09748a4f0f9c24b12fc7) Importer(815301076,1909f56bfc062723c751e8b465ee728b)
Start importing Assets/Animations/TigerShot.anim using Guid(42276f45e8ba09748a4f0f9c24b12fc7) Importer(815301076,1909f56bfc062723c751e8b465ee728b)  -> (artifact id: '8fc712a662e790b48c7a0356bb0e2770') in 0.006964 seconds
  Import took 0.010483 seconds .

========================================================================
Received Import Request.
  Time since last request: 191.261459 seconds.
  path: Assets/Animations/TigerShot.anim
  artifactKey: Guid(42276f45e8ba09748a4f0f9c24b12fc7) Importer(815301076,1909f56bfc062723c751e8b465ee728b)
Start importing Assets/Animations/TigerShot.anim using Guid(42276f45e8ba09748a4f0f9c24b12fc7) Importer(815301076,1909f56bfc062723c751e8b465ee728b)  -> (artifact id: '2294cfa93f7c05097d636da4dff1cdb1') in 0.002442 seconds
  Import took 0.005853 seconds .

========================================================================
Received Prepare
Registering precompiled user dll's ...
Registered in 0.000913 seconds.
Begin MonoManager ReloadAssembly
Native extension for WindowsStandalone target not found
Native extension for WebGL target not found
Refreshing native plugins compatible for Editor in 0.51 ms, found 1 plugins.
Preloading 0 native plugins for Editor in 0.00 ms.
Mono: successfully reloaded assembly
- Completed reload, in  0.989 seconds
Platform modules already initialized, skipping
Switching build target platform(5) subTarget(0) extendedPlatform(0) -> platform(13) subTarget(537395200) extendedPlatform(0)
Refreshing native plugins compatible for Editor in 0.44 ms, found 1 plugins.
Preloading 0 native plugins for Editor in 0.00 ms.
Unloading 1822 Unused Serialized files (Serialized files now loaded: 0)
System memory in use before: 91.5 MB.
System memory in use after: 91.5 MB.

Unloading 12 unused Assets to reduce memory usage. Loaded Objects now: 2313.
Total: 2.675500 ms (FindLiveObjects: 0.356700 ms CreateObjectMapping: 0.081000 ms MarkObjects: 2.086900 ms  DeleteObjects: 0.149800 ms)

AssetImportParameters requested are different than current active one (requested -> active):
  custom:graphics/normal-map-encoding: 01000000000000000000000000000000 -> 02000000000000000000000000000000
========================================================================
Received Prepare
Registering precompiled user dll's ...
Registered in 0.000887 seconds.
Begin MonoManager ReloadAssembly
Native extension for WindowsStandalone target not found
Native extension for WebGL target not found
Refreshing native plugins compatible for Editor in 0.57 ms, found 1 plugins.
Preloading 0 native plugins for Editor in 0.00 ms.
Mono: successfully reloaded assembly
- Completed reload, in  0.970 seconds
Platform modules already initialized, skipping
Switching build target platform(5) subTarget(0) extendedPlatform(0) -> platform(13) subTarget(537395200) extendedPlatform(0)
Refreshing native plugins compatible for Editor in 0.46 ms, found 1 plugins.
Preloading 0 native plugins for Editor in 0.00 ms.
Unloading 1822 Unused Serialized files (Serialized files now loaded: 0)
System memory in use before: 91.5 MB.
System memory in use after: 91.5 MB.

Unloading 12 unused Assets to reduce memory usage. Loaded Objects now: 2317.
Total: 2.581000 ms (FindLiveObjects: 0.288700 ms CreateObjectMapping: 0.050800 ms MarkObjects: 2.097300 ms  DeleteObjects: 0.142800 ms)

AssetImportParameters requested are different than current active one (requested -> active):
  custom:graphics/normal-map-encoding: 01000000000000000000000000000000 -> 02000000000000000000000000000000
========================================================================
Received Prepare
Registering precompiled user dll's ...
Registered in 0.000894 seconds.
Begin MonoManager ReloadAssembly
Native extension for WindowsStandalone target not found
Native extension for WebGL target not found
Refreshing native plugins compatible for Editor in 0.45 ms, found 1 plugins.
Preloading 0 native plugins for Editor in 0.00 ms.
Mono: successfully reloaded assembly
- Completed reload, in  0.975 seconds
Platform modules already initialized, skipping
Switching build target platform(5) subTarget(0) extendedPlatform(0) -> platform(13) subTarget(537395200) extendedPlatform(0)
Refreshing native plugins compatible for Editor in 0.49 ms, found 1 plugins.
Preloading 0 native plugins for Editor in 0.00 ms.
Unloading 1822 Unused Serialized files (Serialized files now loaded: 0)
System memory in use before: 91.5 MB.
System memory in use after: 91.5 MB.

Unloading 12 unused Assets to reduce memory usage. Loaded Objects now: 2321.
Total: 2.353500 ms (FindLiveObjects: 0.262200 ms CreateObjectMapping: 0.066200 ms MarkObjects: 1.888600 ms  DeleteObjects: 0.135200 ms)

AssetImportParameters requested are different than current active one (requested -> active):
  custom:graphics/normal-map-encoding: 01000000000000000000000000000000 -> 02000000000000000000000000000000
